Arguments: 
  /usr/local/bin/node /usr/local/Cellar/yarn/1.9.4/libexec/bin/yarn.js add umi-plugin-umi umi

PATH: 
  /Library/Frameworks/Python.framework/Versions/3.6/bin:/Users/xiaohuoni/.rvm/gems/ruby-2.5.1/bin:/Users/xiaohuoni/.rvm/gems/ruby-2.5.1@global/bin:/Users/xiaohuoni/.rvm/rubies/ruby-2.5.1/bin:/usr/local/bin:/usr/bin:/bin:/usr/sbin:/sbin:/Library/Frameworks/Python.framework/Versions/3.6/bin:/Users/xiaohuoni/.rvm/gems/ruby-2.5.1/bin:/Users/xiaohuoni/.rvm/gems/ruby-2.5.1@global/bin:/Users/xiaohuoni/.rvm/rubies/ruby-2.5.1/bin:/Users/xiaohuoni/.rvm/bin:/Users/xiaohuoni/.rvm/bin

Yarn version: 
  1.9.4

Node version: 
  10.15.3

Platform: 
  darwin x64

Trace: 
  Error: https://registry.yarnpkg.com/umi-plugin-umi: Not found
      at Request.params.callback [as _callback] (/usr/local/Cellar/yarn/1.9.4/libexec/lib/cli.js:64202:18)
      at Request.self.callback (/usr/local/Cellar/yarn/1.9.4/libexec/lib/cli.js:137468:22)
      at Request.emit (events.js:189:13)
      at Request.<anonymous> (/usr/local/Cellar/yarn/1.9.4/libexec/lib/cli.js:138440:10)
      at Request.emit (events.js:189:13)
      at IncomingMessage.<anonymous> (/usr/local/Cellar/yarn/1.9.4/libexec/lib/cli.js:138362:12)
      at Object.onceWrapper (events.js:277:13)
      at IncomingMessage.emit (events.js:194:15)
      at endReadableNT (_stream_readable.js:1125:12)
      at process._tickCallback (internal/process/next_tick.js:63:19)

npm manifest: 
  {
    "name": "example",
    "version": "1.0.0",
    "description": "",
    "scripts": {
      "test": "echo \"Error: no test specified\" && exit 1"
    },
    "keywords": [],
    "author": "",
    "license": "MIT"
  }

yarn manifest: 
  No manifest

Lockfile: 
  # THIS IS AN AUTOGENERATED FILE. DO NOT EDIT THIS FILE DIRECTLY.
  # yarn lockfile v1
  
  
  "@ant-design/icons-react@~1.1.2":
    version "1.1.4"
    resolved "https://registry.yarnpkg.com/@ant-design/icons-react/-/icons-react-1.1.4.tgz#7eed9eba07fd109fbebeefedb4b7df9f8ff3d466"
    dependencies:
      ant-design-palettes "^1.1.3"
      babel-runtime "^6.26.0"
  
  "@ant-design/icons@~1.2.0":
    version "1.2.1"
    resolved "https://registry.yarnpkg.com/@ant-design/icons/-/icons-1.2.1.tgz#8e19301b1433ec67d6bbd0e892782e2ade561ff9"
  
  "@types/prop-types@*":
    version "15.7.0"
    resolved "https://registry.yarnpkg.com/@types/prop-types/-/prop-types-15.7.0.tgz#4c48fed958d6dcf9487195a0ef6456d5f6e0163a"
  
  "@types/react-slick@^0.23.3":
    version "0.23.3"
    resolved "https://registry.yarnpkg.com/@types/react-slick/-/react-slick-0.23.3.tgz#c9d14323a75f54f46a652fb745fe553aad091ce0"
    dependencies:
      "@types/react" "*"
  
  "@types/react@*":
    version "16.8.13"
    resolved "https://registry.yarnpkg.com/@types/react/-/react-16.8.13.tgz#a82b15aad9ab91c40edca0d6889b7745ae24f053"
    dependencies:
      "@types/prop-types" "*"
      csstype "^2.2.0"
  
  add-dom-event-listener@^1.1.0:
    version "1.1.0"
    resolved "https://registry.yarnpkg.com/add-dom-event-listener/-/add-dom-event-listener-1.1.0.tgz#6a92db3a0dd0abc254e095c0f1dc14acbbaae310"
    dependencies:
      object-assign "4.x"
  
  ant-design-palettes@^1.1.3:
    version "1.1.3"
    resolved "https://registry.yarnpkg.com/ant-design-palettes/-/ant-design-palettes-1.1.3.tgz#84119b1a4d86363adc52a38d587e65336a0a27dd"
    dependencies:
      tinycolor2 "^1.4.1"
  
  antd@^3.16.2:
    version "3.16.2"
    resolved "https://registry.yarnpkg.com/antd/-/antd-3.16.2.tgz#a3b4a844a6de82e6c87c96f88dda2317f4d89075"
    dependencies:
      "@ant-design/icons" "~1.2.0"
      "@ant-design/icons-react" "~1.1.2"
      "@types/react-slick" "^0.23.3"
      array-tree-filter "^2.1.0"
      babel-runtime "6.x"
      classnames "~2.2.6"
      copy-to-clipboard "^3.0.8"
      create-react-class "^15.6.3"
      create-react-context "0.2.2"
      css-animation "^1.5.0"
      dom-closest "^0.2.0"
      enquire.js "^2.1.6"
      lodash "^4.17.11"
      moment "^2.24.0"
      omit.js "^1.0.0"
      prop-types "^15.6.2"
      raf "^3.4.0"
      rc-animate "^2.5.4"
      rc-calendar "~9.12.1"
      rc-cascader "~0.17.0"
      rc-checkbox "~2.1.5"
      rc-collapse "~1.11.1"
      rc-dialog "~7.3.0"
      rc-drawer "~1.7.6"
      rc-dropdown "~2.4.1"
      rc-editor-mention "^1.1.7"
      rc-form "^2.4.0"
      rc-input-number "~4.4.0"
      rc-menu "~7.4.12"
      rc-notification "~3.3.0"
      rc-pagination "~1.17.7"
      rc-progress "~2.3.0"
      rc-rate "~2.5.0"
      rc-select "~9.0.0"
      rc-slider "~8.6.5"
      rc-steps "~3.3.0"
      rc-switch "~1.9.0"
      rc-table "~6.4.0"
      rc-tabs "~9.6.0"
      rc-time-picker "~3.6.1"
      rc-tooltip "~3.7.3"
      rc-tree "~1.15.2"
      rc-tree-select "~2.6.0"
      rc-trigger "^2.6.2"
      rc-upload "~2.6.0"
      rc-util "^4.5.1"
      react-lazy-load "^3.0.13"
      react-lifecycles-compat "^3.0.4"
      react-slick "~0.23.2"
      resize-observer-polyfill "^1.5.0"
      shallowequal "^1.1.0"
      warning "~4.0.2"
  
  array-tree-filter@^2.1.0:
    version "2.1.0"
    resolved "https://registry.yarnpkg.com/array-tree-filter/-/array-tree-filter-2.1.0.tgz#873ac00fec83749f255ac8dd083814b4f6329190"
  
  array-union@^1.0.1:
    version "1.0.2"
    resolved "https://registry.yarnpkg.com/array-union/-/array-union-1.0.2.tgz#9a34410e4f4e3da23dea375be5be70f24778ec39"
    dependencies:
      array-uniq "^1.0.1"
  
  array-uniq@^1.0.1:
    version "1.0.3"
    resolved "https://registry.yarnpkg.com/array-uniq/-/array-uniq-1.0.3.tgz#af6ac877a25cc7f74e058894753858dfdb24fdb6"
  
  asap@~2.0.3:
    version "2.0.6"
    resolved "https://registry.yarnpkg.com/asap/-/asap-2.0.6.tgz#e50347611d7e690943208bbdafebcbc2fb866d46"
  
  async-validator@~1.8.5:
    version "1.8.5"
    resolved "https://registry.yarnpkg.com/async-validator/-/async-validator-1.8.5.tgz#dc3e08ec1fd0dddb67e60842f02c0cd1cec6d7f0"
    dependencies:
      babel-runtime "6.x"
  
  babel-runtime@6.x, babel-runtime@^6.23.0, babel-runtime@^6.26.0:
    version "6.26.0"
    resolved "https://registry.yarnpkg.com/babel-runtime/-/babel-runtime-6.26.0.tgz#965c7058668e82b55d7bfe04ff2337bc8b5647fe"
    dependencies:
      core-js "^2.4.0"
      regenerator-runtime "^0.11.0"
  
  balanced-match@^1.0.0:
    version "1.0.0"
    resolved "https://registry.yarnpkg.com/balanced-match/-/balanced-match-1.0.0.tgz#89b4d199ab2bee49de164ea02b89ce462d71b767"
  
  brace-expansion@^1.1.7:
    version "1.1.11"
    resolved "https://registry.yarnpkg.com/brace-expansion/-/brace-expansion-1.1.11.tgz#3c7fcbf529d87226f3d2f52b966ff5271eb441dd"
    dependencies:
      balanced-match "^1.0.0"
      concat-map "0.0.1"
  
  classnames@2.x, classnames@^2.2.0, classnames@^2.2.1, classnames@^2.2.3, classnames@^2.2.5, classnames@^2.2.6, classnames@~2.2.6:
    version "2.2.6"
    resolved "https://registry.yarnpkg.com/classnames/-/classnames-2.2.6.tgz#43935bffdd291f326dad0a205309b38d00f650ce"
  
  component-classes@1.x, component-classes@^1.2.5, component-classes@^1.2.6:
    version "1.2.6"
    resolved "https://registry.yarnpkg.com/component-classes/-/component-classes-1.2.6.tgz#c642394c3618a4d8b0b8919efccbbd930e5cd691"
    dependencies:
      component-indexof "0.0.3"
  
  component-indexof@0.0.3:
    version "0.0.3"
    resolved "https://registry.yarnpkg.com/component-indexof/-/component-indexof-0.0.3.tgz#11d091312239eb8f32c8f25ae9cb002ffe8d3c24"
  
  concat-map@0.0.1:
    version "0.0.1"
    resolved "https://registry.yarnpkg.com/concat-map/-/concat-map-0.0.1.tgz#d8a96bd77fd68df7793a73036a3ba0d5405d477b"
  
  copy-to-clipboard@^3.0.8:
    version "3.1.0"
    resolved "https://registry.yarnpkg.com/copy-to-clipboard/-/copy-to-clipboard-3.1.0.tgz#0a28141899e6bd217b9dc13fd1689b3b38820b44"
    dependencies:
      toggle-selection "^1.0.6"
  
  core-js@^1.0.0:
    version "1.2.7"
    resolved "https://registry.yarnpkg.com/core-js/-/core-js-1.2.7.tgz#652294c14651db28fa93bd2d5ff2983a4f08c636"
  
  core-js@^2.4.0:
    version "2.6.5"
    resolved "https://registry.yarnpkg.com/core-js/-/core-js-2.6.5.tgz#44bc8d249e7fb2ff5d00e0341a7ffb94fbf67895"
  
  create-react-class@^15.5.3, create-react-class@^15.6.3:
    version "15.6.3"
    resolved "https://registry.yarnpkg.com/create-react-class/-/create-react-class-15.6.3.tgz#2d73237fb3f970ae6ebe011a9e66f46dbca80036"
    dependencies:
      fbjs "^0.8.9"
      loose-envify "^1.3.1"
      object-assign "^4.1.1"
  
  create-react-context@0.2.2:
    version "0.2.2"
    resolved "https://registry.yarnpkg.com/create-react-context/-/create-react-context-0.2.2.tgz#9836542f9aaa22868cd7d4a6f82667df38019dca"
    dependencies:
      fbjs "^0.8.0"
      gud "^1.0.0"
  
  css-animation@1.x, css-animation@^1.3.2, css-animation@^1.5.0:
    version "1.5.0"
    resolved "https://registry.yarnpkg.com/css-animation/-/css-animation-1.5.0.tgz#c96b9097a5ef74a7be8480b45cc44e4ec6ca2bf5"
    dependencies:
      babel-runtime "6.x"
      component-classes "^1.2.5"
  
  csstype@^2.2.0:
    version "2.6.3"
    resolved "https://registry.yarnpkg.com/csstype/-/csstype-2.6.3.tgz#b701e5968245bf9b08d54ac83d00b624e622a9fa"
  
  dir-glob@^2.0.0:
    version "2.2.2"
    resolved "https://registry.yarnpkg.com/dir-glob/-/dir-glob-2.2.2.tgz#fa09f0694153c8918b18ba0deafae94769fc50c4"
    dependencies:
      path-type "^3.0.0"
  
  dom-align@^1.7.0:
    version "1.8.2"
    resolved "https://registry.yarnpkg.com/dom-align/-/dom-align-1.8.2.tgz#fdcd36bce25ba8d34fe3582efd57ac767df490bd"
  
  dom-closest@^0.2.0:
    version "0.2.0"
    resolved "https://registry.yarnpkg.com/dom-closest/-/dom-closest-0.2.0.tgz#ebd9f91d1bf22e8d6f477876bbcd3ec90216c0cf"
    dependencies:
      dom-matches ">=1.0.1"
  
  dom-matches@>=1.0.1:
    version "2.0.0"
    resolved "https://registry.yarnpkg.com/dom-matches/-/dom-matches-2.0.0.tgz#d2728b416a87533980eb089b848d253cf23a758c"
  
  dom-scroll-into-view@1.x, dom-scroll-into-view@^1.2.0, dom-scroll-into-view@^1.2.1:
    version "1.2.1"
    resolved "https://registry.yarnpkg.com/dom-scroll-into-view/-/dom-scroll-into-view-1.2.1.tgz#e8f36732dd089b0201a88d7815dc3f88e6d66c7e"
  
  draft-js@^0.10.0, draft-js@~0.10.0:
    version "0.10.5"
    resolved "https://registry.yarnpkg.com/draft-js/-/draft-js-0.10.5.tgz#bfa9beb018fe0533dbb08d6675c371a6b08fa742"
    dependencies:
      fbjs "^0.8.15"
      immutable "~3.7.4"
      object-assign "^4.1.0"
  
  encoding@^0.1.11:
    version "0.1.12"
    resolved "https://registry.yarnpkg.com/encoding/-/encoding-0.1.12.tgz#538b66f3ee62cd1ab51ec323829d1f9480c74beb"
    dependencies:
      iconv-lite "~0.4.13"
  
  enquire.js@^2.1.6:
    version "2.1.6"
    resolved "https://registry.yarnpkg.com/enquire.js/-/enquire.js-2.1.6.tgz#3e8780c9b8b835084c3f60e166dbc3c2a3c89814"
  
  eventlistener@0.0.1:
    version "0.0.1"
    resolved "https://registry.yarnpkg.com/eventlistener/-/eventlistener-0.0.1.tgz#ed2baabb852227af2bcf889152c72c63ca532eb8"
  
  fbjs@^0.8.0, fbjs@^0.8.15, fbjs@^0.8.16, fbjs@^0.8.9:
    version "0.8.17"
    resolved "https://registry.yarnpkg.com/fbjs/-/fbjs-0.8.17.tgz#c4d598ead6949112653d6588b01a5cdcd9f90fdd"
    dependencies:
      core-js "^1.0.0"
      isomorphic-fetch "^2.1.1"
      loose-envify "^1.0.0"
      object-assign "^4.1.0"
      promise "^7.1.1"
      setimmediate "^1.0.5"
      ua-parser-js "^0.7.18"
  
  fs.realpath@^1.0.0:
    version "1.0.0"
    resolved "https://registry.yarnpkg.com/fs.realpath/-/fs.realpath-1.0.0.tgz#1504ad2523158caa40db4a2787cb01411994ea4f"
  
  glob@^7.1.2:
    version "7.1.3"
    resolved "https://registry.yarnpkg.com/glob/-/glob-7.1.3.tgz#3960832d3f1574108342dafd3a67b332c0969df1"
    dependencies:
      fs.realpath "^1.0.0"
      inflight "^1.0.4"
      inherits "2"
      minimatch "^3.0.4"
      once "^1.3.0"
      path-is-absolute "^1.0.0"
  
  globby@7.1.1:
    version "7.1.1"
    resolved "https://registry.yarnpkg.com/globby/-/globby-7.1.1.tgz#fb2ccff9401f8600945dfada97440cca972b8680"
    dependencies:
      array-union "^1.0.1"
      dir-glob "^2.0.0"
      glob "^7.1.2"
      ignore "^3.3.5"
      pify "^3.0.0"
      slash "^1.0.0"
  
  gud@^1.0.0:
    version "1.0.0"
    resolved "https://registry.yarnpkg.com/gud/-/gud-1.0.0.tgz#a489581b17e6a70beca9abe3ae57de7a499852c0"
  
  hammerjs@^2.0.8:
    version "2.0.8"
    resolved "https://registry.yarnpkg.com/hammerjs/-/hammerjs-2.0.8.tgz#04ef77862cff2bb79d30f7692095930222bf60f1"
  
  hoist-non-react-statics@^2.3.1, hoist-non-react-statics@^2.5.5:
    version "2.5.5"
    resolved "https://registry.yarnpkg.com/hoist-non-react-statics/-/hoist-non-react-statics-2.5.5.tgz#c5903cf409c0dfd908f388e619d86b9c1174cb47"
  
  hoist-non-react-statics@^3.3.0:
    version "3.3.0"
    resolved "https://registry.yarnpkg.com/hoist-non-react-statics/-/hoist-non-react-statics-3.3.0.tgz#b09178f0122184fb95acf525daaecb4d8f45958b"
    dependencies:
      react-is "^16.7.0"
  
  iconv-lite@~0.4.13:
    version "0.4.24"
    resolved "https://registry.yarnpkg.com/iconv-lite/-/iconv-lite-0.4.24.tgz#2022b4b25fbddc21d2f524974a474aafe733908b"
    dependencies:
      safer-buffer ">= 2.1.2 < 3"
  
  ignore@^3.3.5:
    version "3.3.10"
    resolved "https://registry.yarnpkg.com/ignore/-/ignore-3.3.10.tgz#0a97fb876986e8081c631160f8f9f389157f0043"
  
  immutable@^3.7.4:
    version "3.8.2"
    resolved "https://registry.yarnpkg.com/immutable/-/immutable-3.8.2.tgz#c2439951455bb39913daf281376f1530e104adf3"
  
  immutable@~3.7.4:
    version "3.7.6"
    resolved "https://registry.yarnpkg.com/immutable/-/immutable-3.7.6.tgz#13b4d3cb12befa15482a26fe1b2ebae640071e4b"
  
  inflight@^1.0.4:
    version "1.0.6"
    resolved "https://registry.yarnpkg.com/inflight/-/inflight-1.0.6.tgz#49bd6331d7d02d0c09bc910a1075ba8165b56df9"
    dependencies:
      once "^1.3.0"
      wrappy "1"
  
  inherits@2:
    version "2.0.3"
    resolved "https://registry.yarnpkg.com/inherits/-/inherits-2.0.3.tgz#633c2c83e3da42a502f52466022480f4208261de"
  
  intl-format-cache@^2.0.5:
    version "2.1.0"
    resolved "https://registry.yarnpkg.com/intl-format-cache/-/intl-format-cache-2.1.0.tgz#04a369fecbfad6da6005bae1f14333332dcf9316"
  
  intl-messageformat-parser@1.4.0:
    version "1.4.0"
    resolved "https://registry.yarnpkg.com/intl-messageformat-parser/-/intl-messageformat-parser-1.4.0.tgz#b43d45a97468cadbe44331d74bb1e8dea44fc075"
  
  intl-messageformat@^2.0.0, intl-messageformat@^2.1.0:
    version "2.2.0"
    resolved "https://registry.yarnpkg.com/intl-messageformat/-/intl-messageformat-2.2.0.tgz#345bcd46de630b7683330c2e52177ff5eab484fc"
    dependencies:
      intl-messageformat-parser "1.4.0"
  
  intl-relativeformat@^2.1.0:
    version "2.1.0"
    resolved "https://registry.yarnpkg.com/intl-relativeformat/-/intl-relativeformat-2.1.0.tgz#010f1105802251f40ac47d0e3e1a201348a255df"
    dependencies:
      intl-messageformat "^2.0.0"
  
  intl@1.2.5:
    version "1.2.5"
    resolved "https://registry.yarnpkg.com/intl/-/intl-1.2.5.tgz#82244a2190c4e419f8371f5aa34daa3420e2abde"
  
  invariant@^2.1.1:
    version "2.2.4"
    resolved "https://registry.yarnpkg.com/invariant/-/invariant-2.2.4.tgz#610f3c92c9359ce1db616e538008d23ff35158e6"
    dependencies:
      loose-envify "^1.0.0"
  
  is-stream@^1.0.1:
    version "1.1.0"
    resolved "https://registry.yarnpkg.com/is-stream/-/is-stream-1.1.0.tgz#12d4a3dd4e68e0b79ceb8dbc84173ae80d91ca44"
  
  is-url@1.2.4:
    version "1.2.4"
    resolved "https://registry.yarnpkg.com/is-url/-/is-url-1.2.4.tgz#04a4df46d28c4cff3d73d01ff06abeb318a1aa52"
  
  ismobilejs@^0.5.1:
    version "0.5.1"
    resolved "https://registry.yarnpkg.com/ismobilejs/-/ismobilejs-0.5.1.tgz#0e3f825e29e32f84ad5ddbb60e9e04a894046488"
  
  isomorphic-fetch@^2.1.1:
    version "2.2.1"
    resolved "https://registry.yarnpkg.com/isomorphic-fetch/-/isomorphic-fetch-2.2.1.tgz#611ae1acf14f5e81f729507472819fe9733558a9"
    dependencies:
      node-fetch "^1.0.1"
      whatwg-fetch ">=0.10.0"
  
  "js-tokens@^3.0.0 || ^4.0.0":
    version "4.0.0"
    resolved "https://registry.yarnpkg.com/js-tokens/-/js-tokens-4.0.0.tgz#19203fb59991df98e3a287050d4647cdeaf32499"
  
  json2mq@^0.2.0:
    version "0.2.0"
    resolved "https://registry.yarnpkg.com/json2mq/-/json2mq-0.2.0.tgz#b637bd3ba9eabe122c83e9720483aeb10d2c904a"
    dependencies:
      string-convert "^0.2.0"
  
  lodash._getnative@^3.0.0:
    version "3.9.1"
    resolved "https://registry.yarnpkg.com/lodash._getnative/-/lodash._getnative-3.9.1.tgz#570bc7dede46d61cdcde687d65d3eecbaa3aaff5"
  
  lodash.debounce@^4.0.0, lodash.debounce@^4.0.8:
    version "4.0.8"
    resolved "https://registry.yarnpkg.com/lodash.debounce/-/lodash.debounce-4.0.8.tgz#82d79bff30a67c4005ffd5e2515300ad9ca4d7af"
  
  lodash.groupby@4.6.0:
    version "4.6.0"
    resolved "https://registry.yarnpkg.com/lodash.groupby/-/lodash.groupby-4.6.0.tgz#0b08a1dcf68397c397855c3239783832df7403d1"
  
  lodash.isarguments@^3.0.0:
    version "3.1.0"
    resolved "https://registry.yarnpkg.com/lodash.isarguments/-/lodash.isarguments-3.1.0.tgz#2f573d85c6a24289ff00663b491c1d338ff3458a"
  
  lodash.isarray@^3.0.0:
    version "3.0.4"
    resolved "https://registry.yarnpkg.com/lodash.isarray/-/lodash.isarray-3.0.4.tgz#79e4eb88c36a8122af86f844aa9bcd851b5fbb55"
  
  lodash.keys@^3.1.2:
    version "3.1.2"
    resolved "https://registry.yarnpkg.com/lodash.keys/-/lodash.keys-3.1.2.tgz#4dbc0472b156be50a0b286855d1bd0b0c656098a"
    dependencies:
      lodash._getnative "^3.0.0"
      lodash.isarguments "^3.0.0"
      lodash.isarray "^3.0.0"
  
  lodash.throttle@^4.0.0:
    version "4.1.1"
    resolved "https://registry.yarnpkg.com/lodash.throttle/-/lodash.throttle-4.1.1.tgz#c23e91b710242ac70c37f1e1cda9274cc39bf2f4"
  
  lodash@^4.16.5, lodash@^4.17.11, lodash@^4.17.4, lodash@^4.17.5:
    version "4.17.11"
    resolved "https://registry.yarnpkg.com/lodash/-/lodash-4.17.11.tgz#b39ea6229ef607ecd89e2c8df12536891cac9b8d"
  
  loose-envify@^1.0.0, loose-envify@^1.3.1, loose-envify@^1.4.0:
    version "1.4.0"
    resolved "https://registry.yarnpkg.com/loose-envify/-/loose-envify-1.4.0.tgz#71ee51fa7be4caec1a63839f7e682d8132d30caf"
    dependencies:
      js-tokens "^3.0.0 || ^4.0.0"
  
  mini-store@^2.0.0:
    version "2.0.0"
    resolved "https://registry.yarnpkg.com/mini-store/-/mini-store-2.0.0.tgz#0843c048d6942ce55e3e78b1b67fc063022b5488"
    dependencies:
      hoist-non-react-statics "^2.3.1"
      prop-types "^15.6.0"
      react-lifecycles-compat "^3.0.4"
      shallowequal "^1.0.2"
  
  minimatch@^3.0.4:
    version "3.0.4"
    resolved "https://registry.yarnpkg.com/minimatch/-/minimatch-3.0.4.tgz#5166e286457f03306064be5497e8dbb0c3d32083"
    dependencies:
      brace-expansion "^1.1.7"
  
  moment@2.x, moment@^2.24.0:
    version "2.24.0"
    resolved "https://registry.yarnpkg.com/moment/-/moment-2.24.0.tgz#0d055d53f5052aa653c9f6eb68bb5d12bf5c2b5b"
  
  mustache@3.0.1:
    version "3.0.1"
    resolved "https://registry.yarnpkg.com/mustache/-/mustache-3.0.1.tgz#873855f23aa8a95b150fb96d9836edbc5a1d248a"
  
  mutationobserver-shim@^0.3.2:
    version "0.3.3"
    resolved "https://registry.yarnpkg.com/mutationobserver-shim/-/mutationobserver-shim-0.3.3.tgz#65869630bc89d7bf8c9cd9cb82188cd955aacd2b"
  
  node-fetch@^1.0.1:
    version "1.7.3"
    resolved "https://registry.yarnpkg.com/node-fetch/-/node-fetch-1.7.3.tgz#980f6f72d85211a5347c6b2bc18c5b84c3eb47ef"
    dependencies:
      encoding "^0.1.11"
      is-stream "^1.0.1"
  
  object-assign@4.x, object-assign@^4.1.0, object-assign@^4.1.1:
    version "4.1.1"
    resolved "https://registry.yarnpkg.com/object-assign/-/object-assign-4.1.1.tgz#2109adc7965887cfc05cbbd442cac8bfbb360863"
  
  omit.js@^1.0.0:
    version "1.0.2"
    resolved "https://registry.yarnpkg.com/omit.js/-/omit.js-1.0.2.tgz#91a14f0eba84066dfa015bf30e474c47f30bc858"
    dependencies:
      babel-runtime "^6.23.0"
  
  once@^1.3.0:
    version "1.4.0"
    resolved "https://registry.yarnpkg.com/once/-/once-1.4.0.tgz#583b1aa775961d4b113ac17d9c50baef9dd76bd1"
    dependencies:
      wrappy "1"
  
  path-is-absolute@^1.0.0:
    version "1.0.1"
    resolved "https://registry.yarnpkg.com/path-is-absolute/-/path-is-absolute-1.0.1.tgz#174b9268735534ffbc7ace6bf53a5a9e1b5c5f5f"
  
  path-type@^3.0.0:
    version "3.0.0"
    resolved "https://registry.yarnpkg.com/path-type/-/path-type-3.0.0.tgz#cef31dc8e0a1a3bb0d105c0cd97cf3bf47f4e36f"
    dependencies:
      pify "^3.0.0"
  
  performance-now@^2.1.0:
    version "2.1.0"
    resolved "https://registry.yarnpkg.com/performance-now/-/performance-now-2.1.0.tgz#6309f4e0e5fa913ec1c69307ae364b4b377c9e7b"
  
  pify@^3.0.0:
    version "3.0.0"
    resolved "https://registry.yarnpkg.com/pify/-/pify-3.0.0.tgz#e5a4acd2c101fdf3d9a4d07f0dbc4db49dd28176"
  
  prettier@^1.14.3:
    version "1.16.4"
    resolved "https://registry.yarnpkg.com/prettier/-/prettier-1.16.4.tgz#73e37e73e018ad2db9c76742e2647e21790c9717"
  
  promise@^7.1.1:
    version "7.3.1"
    resolved "https://registry.yarnpkg.com/promise/-/promise-7.3.1.tgz#064b72602b18f90f29192b8b1bc418ffd1ebd3bf"
    dependencies:
      asap "~2.0.3"
  
  prop-types@15.6.2:
    version "15.6.2"
    resolved "https://registry.yarnpkg.com/prop-types/-/prop-types-15.6.2.tgz#05d5ca77b4453e985d60fc7ff8c859094a497102"
    dependencies:
      loose-envify "^1.3.1"
      object-assign "^4.1.1"
  
  prop-types@15.x, prop-types@^15.5.0, prop-types@^15.5.10, prop-types@^15.5.4, prop-types@^15.5.6, prop-types@^15.5.7, prop-types@^15.5.8, prop-types@^15.5.9, prop-types@^15.6.0, prop-types@^15.6.2:
    version "15.7.2"
    resolved "https://registry.yarnpkg.com/prop-types/-/prop-types-15.7.2.tgz#52c41e75b8c87e72b9d9360e0206b99dcbffa6c5"
    dependencies:
      loose-envify "^1.4.0"
      object-assign "^4.1.1"
      react-is "^16.8.1"
  
  raf@^3.4.0, raf@^3.4.1:
    version "3.4.1"
    resolved "https://registry.yarnpkg.com/raf/-/raf-3.4.1.tgz#0742e99a4a6552f445d73e3ee0328af0ff1ede39"
    dependencies:
      performance-now "^2.1.0"
  
  rc-align@^2.4.0, rc-align@^2.4.1:
    version "2.4.5"
    resolved "https://registry.yarnpkg.com/rc-align/-/rc-align-2.4.5.tgz#c941a586f59d1017f23a428f0b468663fb7102ab"
    dependencies:
      babel-runtime "^6.26.0"
      dom-align "^1.7.0"
      prop-types "^15.5.8"
      rc-util "^4.0.4"
  
  rc-animate@2.x, rc-animate@^2.3.0, rc-animate@^2.5.4:
    version "2.6.0"
    resolved "https://registry.yarnpkg.com/rc-animate/-/rc-animate-2.6.0.tgz#ca8440d042781af7a1329d84f97ea94794c5ec15"
    dependencies:
      babel-runtime "6.x"
      classnames "^2.2.6"
      css-animation "^1.3.2"
      prop-types "15.x"
      raf "^3.4.0"
      react-lifecycles-compat "^3.0.4"
  
  rc-animate@^3.0.0-rc.1, rc-animate@^3.0.0-rc.4, rc-animate@^3.0.0-rc.5:
    version "3.0.0-rc.6"
    resolved "https://registry.yarnpkg.com/rc-animate/-/rc-animate-3.0.0-rc.6.tgz#04288eefa118e0cae214536c8a903ffaac1bc3fb"
    dependencies:
      babel-runtime "6.x"
      classnames "^2.2.5"
      component-classes "^1.2.6"
      fbjs "^0.8.16"
      prop-types "15.x"
      raf "^3.4.0"
      rc-util "^4.5.0"
      react-lifecycles-compat "^3.0.4"
  
  rc-calendar@~9.12.1:
    version "9.12.4"
    resolved "https://registry.yarnpkg.com/rc-calendar/-/rc-calendar-9.12.4.tgz#68ee3a857b5341d780d9473541926cfe0b449154"
    dependencies:
      babel-runtime "6.x"
      classnames "2.x"
      moment "2.x"
      prop-types "^15.5.8"
      rc-trigger "^2.2.0"
      rc-util "^4.1.1"
      react-lifecycles-compat "^3.0.4"
  
  rc-cascader@~0.17.0:
    version "0.17.1"
    resolved "https://registry.yarnpkg.com/rc-cascader/-/rc-cascader-0.17.1.tgz#914481c3370b5fd8f82e4f9df9b6596dfeda14d5"
    dependencies:
      array-tree-filter "^2.1.0"
      prop-types "^15.5.8"
      rc-trigger "^2.2.0"
      rc-util "^4.0.4"
      react-lifecycles-compat "^3.0.4"
      shallow-equal "^1.0.0"
      warning "^4.0.1"
  
  rc-checkbox@~2.1.5:
    version "2.1.6"
    resolved "https://registry.yarnpkg.com/rc-checkbox/-/rc-checkbox-2.1.6.tgz#5dc00653e5277018c431fec55e38b91c1f976e90"
    dependencies:
      babel-runtime "^6.23.0"
      classnames "2.x"
      prop-types "15.x"
      rc-util "^4.0.4"
  
  rc-collapse@~1.11.1:
    version "1.11.1"
    resolved "https://registry.yarnpkg.com/rc-collapse/-/rc-collapse-1.11.1.tgz#4aa0977adbf5229d7db58205646b13905add72ad"
    dependencies:
      classnames "2.x"
      css-animation "1.x"
      prop-types "^15.5.6"
      rc-animate "2.x"
      react-is "^16.7.0"
      shallowequal "^1.1.0"
  
  rc-dialog@~7.3.0:
    version "7.3.1"
    resolved "https://registry.yarnpkg.com/rc-dialog/-/rc-dialog-7.3.1.tgz#45041ec35bfc8e337c91b64b52cebef6ea5cd4a2"
    dependencies:
      babel-runtime "6.x"
      rc-animate "2.x"
      rc-util "^4.4.0"
  
  rc-drawer@~1.7.6:
    version "1.7.7"
    resolved "https://registry.yarnpkg.com/rc-drawer/-/rc-drawer-1.7.7.tgz#b014d1de52457c85c4f3e1f0d647a54031dd260c"
    dependencies:
      babel-runtime "6.x"
      classnames "^2.2.5"
      prop-types "^15.5.0"
      rc-util "^4.5.1"
  
  rc-dropdown@~2.4.1:
    version "2.4.1"
    resolved "https://registry.yarnpkg.com/rc-dropdown/-/rc-dropdown-2.4.1.tgz#aaef6eb3a5152cdd9982895c2a78d9b5f046cdec"
    dependencies:
      babel-runtime "^6.26.0"
      classnames "^2.2.6"
      prop-types "^15.5.8"
      rc-trigger "^2.5.1"
      react-lifecycles-compat "^3.0.2"
  
  rc-editor-core@~0.8.3:
    version "0.8.9"
    resolved "https://registry.yarnpkg.com/rc-editor-core/-/rc-editor-core-0.8.9.tgz#f611952c8eed965e3e348d84ae7be885daeb221c"
    dependencies:
      babel-runtime "^6.26.0"
      classnames "^2.2.5"
      draft-js "^0.10.0"
      immutable "^3.7.4"
      lodash "^4.16.5"
      prop-types "^15.5.8"
      setimmediate "^1.0.5"
  
  rc-editor-mention@^1.1.7:
    version "1.1.12"
    resolved "https://registry.yarnpkg.com/rc-editor-mention/-/rc-editor-mention-1.1.12.tgz#896bcb172112f18812e96fdd33ba603c0fc7306a"
    dependencies:
      babel-runtime "^6.23.0"
      classnames "^2.2.5"
      dom-scroll-into-view "^1.2.0"
      draft-js "~0.10.0"
      immutable "^3.7.4"
      prop-types "^15.5.8"
      rc-animate "^2.3.0"
      rc-editor-core "~0.8.3"
  
  rc-form@^2.4.0:
    version "2.4.4"
    resolved "https://registry.yarnpkg.com/rc-form/-/rc-form-2.4.4.tgz#ac0f3cc643724991c742d5ae6742777fbc0bcfbb"
    dependencies:
      async-validator "~1.8.5"
      babel-runtime "6.x"
      create-react-class "^15.5.3"
      dom-scroll-into-view "1.x"
      hoist-non-react-statics "^3.3.0"
      lodash "^4.17.4"
      warning "^4.0.3"
  
  rc-hammerjs@~0.6.0:
    version "0.6.9"
    resolved "https://registry.yarnpkg.com/rc-hammerjs/-/rc-hammerjs-0.6.9.tgz#9a4ddbda1b2ec8f9b9596091a6a989842a243907"
    dependencies:
      babel-runtime "6.x"
      hammerjs "^2.0.8"
      prop-types "^15.5.9"
  
  rc-input-number@~4.4.0:
    version "4.4.1"
    resolved "https://registry.yarnpkg.com/rc-input-number/-/rc-input-number-4.4.1.tgz#1636cf281cde8d78ea4c8b9ffcffd77b80350675"
    dependencies:
      babel-runtime "6.x"
      classnames "^2.2.0"
      prop-types "^15.5.7"
      rc-util "^4.5.1"
      rmc-feedback "^2.0.0"
  
  rc-menu@^7.3.0, rc-menu@~7.4.12:
    version "7.4.22"
    resolved "https://registry.yarnpkg.com/rc-menu/-/rc-menu-7.4.22.tgz#3305517cc284ba8979a45a0d16271780adafb2ee"
    dependencies:
      babel-runtime "6.x"
      classnames "2.x"
      dom-scroll-into-view "1.x"
      ismobilejs "^0.5.1"
      mini-store "^2.0.0"
      mutationobserver-shim "^0.3.2"
      prop-types "^15.5.6"
      rc-animate "2.x"
      rc-trigger "^2.3.0"
      rc-util "^4.1.0"
      resize-observer-polyfill "^1.5.0"
  
  rc-notification@~3.3.0:
    version "3.3.1"
    resolved "https://registry.yarnpkg.com/rc-notification/-/rc-notification-3.3.1.tgz#0baa3e70f8d40ab015ce8fa78c260c490fc7beb4"
    dependencies:
      babel-runtime "6.x"
      classnames "2.x"
      prop-types "^15.5.8"
      rc-animate "2.x"
      rc-util "^4.0.4"
  
  rc-pagination@~1.17.7:
    version "1.17.13"
    resolved "https://registry.yarnpkg.com/rc-pagination/-/rc-pagination-1.17.13.tgz#358391dba39743ccd5c3720c497756d1d236f3ad"
    dependencies:
      babel-runtime "6.x"
      prop-types "^15.5.7"
      react-lifecycles-compat "^3.0.4"
  
  rc-progress@~2.3.0:
    version "2.3.0"
    resolved "https://registry.yarnpkg.com/rc-progress/-/rc-progress-2.3.0.tgz#cfbd07ff9026c450100980de209a92650e24f313"
    dependencies:
      babel-runtime "6.x"
      prop-types "^15.5.8"
  
  rc-rate@~2.5.0:
    version "2.5.0"
    resolved "https://registry.yarnpkg.com/rc-rate/-/rc-rate-2.5.0.tgz#72d4984a03d0a7a0e6779c7a79efcea27626abf6"
    dependencies:
      classnames "^2.2.5"
      prop-types "^15.5.8"
      rc-util "^4.3.0"
      react-lifecycles-compat "^3.0.4"
  
  rc-select@~9.0.0:
    version "9.0.2"
    resolved "https://registry.yarnpkg.com/rc-select/-/rc-select-9.0.2.tgz#ce0d297db5f8a5c7e8bbc3fc24d9ed5ba648012c"
    dependencies:
      babel-runtime "^6.23.0"
      classnames "2.x"
      component-classes "1.x"
      dom-scroll-into-view "1.x"
      prop-types "^15.5.8"
      raf "^3.4.0"
      rc-animate "2.x"
      rc-menu "^7.3.0"
      rc-trigger "^2.5.4"
      rc-util "^4.0.4"
      react-lifecycles-compat "^3.0.2"
      warning "^4.0.2"
  
  rc-slider@~8.6.5:
    version "8.6.9"
    resolved "https://registry.yarnpkg.com/rc-slider/-/rc-slider-8.6.9.tgz#b32148a498c927c93f20dc1f95e8682c4924bf8e"
    dependencies:
      babel-runtime "6.x"
      classnames "^2.2.5"
      prop-types "^15.5.4"
      rc-tooltip "^3.7.0"
      rc-util "^4.0.4"
      shallowequal "^1.0.1"
      warning "^4.0.3"
  
  rc-steps@~3.3.0:
    version "3.3.1"
    resolved "https://registry.yarnpkg.com/rc-steps/-/rc-steps-3.3.1.tgz#4877e2897331e3bfdb6b789e88aea78f4f15f732"
    dependencies:
      babel-runtime "^6.23.0"
      classnames "^2.2.3"
      lodash "^4.17.5"
      prop-types "^15.5.7"
  
  rc-switch@~1.9.0:
    version "1.9.0"
    resolved "https://registry.yarnpkg.com/rc-switch/-/rc-switch-1.9.0.tgz#ab2b878f2713c681358a453391976c9b95b290f7"
    dependencies:
      classnames "^2.2.1"
      prop-types "^15.5.6"
      react-lifecycles-compat "^3.0.4"
  
  rc-table@~6.4.0:
    version "6.4.4"
    resolved "https://registry.yarnpkg.com/rc-table/-/rc-table-6.4.4.tgz#7ce4b856ea2814844a01641ec8acf2d72ee3a5aa"
    dependencies:
      babel-runtime "6.x"
      classnames "^2.2.5"
      component-classes "^1.2.6"
      lodash "^4.17.5"
      mini-store "^2.0.0"
      prop-types "^15.5.8"
      rc-util "^4.0.4"
      react-lifecycles-compat "^3.0.2"
      shallowequal "^1.0.2"
      warning "^3.0.0"
  
  rc-tabs@~9.6.0:
    version "9.6.3"
    resolved "https://registry.yarnpkg.com/rc-tabs/-/rc-tabs-9.6.3.tgz#5ee02816521769f92e28dc0360a2eb1214b53075"
    dependencies:
      babel-runtime "6.x"
      classnames "2.x"
      create-react-context "0.2.2"
      lodash "^4.17.5"
      prop-types "15.x"
      raf "^3.4.1"
      rc-hammerjs "~0.6.0"
      rc-util "^4.0.4"
      resize-observer-polyfill "^1.5.1"
      warning "^3.0.0"
  
  rc-time-picker@~3.6.1:
    version "3.6.2"
    resolved "https://registry.yarnpkg.com/rc-time-picker/-/rc-time-picker-3.6.2.tgz#fd7133390353c6cd29ec09aa6c9711ab59228f1c"
    dependencies:
      classnames "2.x"
      moment "2.x"
      prop-types "^15.5.8"
      rc-trigger "^2.2.0"
  
  rc-tooltip@^3.7.0, rc-tooltip@~3.7.3:
    version "3.7.3"
    resolved "https://registry.yarnpkg.com/rc-tooltip/-/rc-tooltip-3.7.3.tgz#280aec6afcaa44e8dff0480fbaff9e87fc00aecc"
    dependencies:
      babel-runtime "6.x"
      prop-types "^15.5.8"
      rc-trigger "^2.2.2"
  
  rc-tree-select@~2.6.0:
    version "2.6.2"
    resolved "https://registry.yarnpkg.com/rc-tree-select/-/rc-tree-select-2.6.2.tgz#783bafbf3abd0fc645a07697563038eda6302f29"
    dependencies:
      classnames "^2.2.1"
      dom-scroll-into-view "^1.2.1"
      prop-types "^15.5.8"
      raf "^3.4.0"
      rc-animate "^3.0.0-rc.4"
      rc-tree "~1.15.0"
      rc-trigger "^3.0.0-rc.2"
      rc-util "^4.5.0"
      react-lifecycles-compat "^3.0.4"
      shallowequal "^1.0.2"
      warning "^4.0.1"
  
  rc-tree@~1.15.0, rc-tree@~1.15.2:
    version "1.15.2"
    resolved "https://registry.yarnpkg.com/rc-tree/-/rc-tree-1.15.2.tgz#a0d6f20fa2bdbe51d829d5ceea74a407b04bfea9"
    dependencies:
      babel-runtime "^6.23.0"
      classnames "2.x"
      prop-types "^15.5.8"
      rc-animate "^3.0.0-rc.5"
      rc-util "^4.5.1"
      react-lifecycles-compat "^3.0.4"
      warning "^3.0.0"
  
  rc-trigger@^2.2.0, rc-trigger@^2.2.2, rc-trigger@^2.3.0, rc-trigger@^2.5.1, rc-trigger@^2.5.4, rc-trigger@^2.6.2:
    version "2.6.2"
    resolved "https://registry.yarnpkg.com/rc-trigger/-/rc-trigger-2.6.2.tgz#a9c09ba5fad63af3b2ec46349c7db6cb46657001"
    dependencies:
      babel-runtime "6.x"
      classnames "^2.2.6"
      prop-types "15.x"
      rc-align "^2.4.0"
      rc-animate "2.x"
      rc-util "^4.4.0"
  
  rc-trigger@^3.0.0-rc.2:
    version "3.0.0-rc.3"
    resolved "https://registry.yarnpkg.com/rc-trigger/-/rc-trigger-3.0.0-rc.3.tgz#35842df1674d25315e1426a44882a4c97652258b"
    dependencies:
      babel-runtime "6.x"
      classnames "^2.2.6"
      prop-types "15.x"
      raf "^3.4.0"
      rc-align "^2.4.1"
      rc-animate "^3.0.0-rc.1"
      rc-util "^4.4.0"
  
  rc-upload@~2.6.0:
    version "2.6.3"
    resolved "https://registry.yarnpkg.com/rc-upload/-/rc-upload-2.6.3.tgz#99f0f4b948e82c71280a507399ee4bf2fc16b440"
    dependencies:
      babel-runtime "6.x"
      classnames "^2.2.5"
      prop-types "^15.5.7"
      warning "4.x"
  
  rc-util@^4.0.4, rc-util@^4.1.0, rc-util@^4.1.1, rc-util@^4.3.0, rc-util@^4.4.0, rc-util@^4.5.0, rc-util@^4.5.1:
    version "4.6.0"
    resolved "https://registry.yarnpkg.com/rc-util/-/rc-util-4.6.0.tgz#ba33721783192ec4f3afb259e182b04e55deb7f6"
    dependencies:
      add-dom-event-listener "^1.1.0"
      babel-runtime "6.x"
      prop-types "^15.5.10"
      shallowequal "^0.2.2"
  
  react-intl@2.7.2:
    version "2.7.2"
    resolved "https://registry.yarnpkg.com/react-intl/-/react-intl-2.7.2.tgz#efe97e3fc0e99b4e88a6e6150854d3d1852a4381"
    dependencies:
      hoist-non-react-statics "^2.5.5"
      intl-format-cache "^2.0.5"
      intl-messageformat "^2.1.0"
      intl-relativeformat "^2.1.0"
      invariant "^2.1.1"
  
  react-is@^16.7.0, react-is@^16.8.1:
    version "16.8.6"
    resolved "https://registry.yarnpkg.com/react-is/-/react-is-16.8.6.tgz#5bbc1e2d29141c9fbdfed456343fe2bc430a6a16"
  
  react-lazy-load@^3.0.13:
    version "3.0.13"
    resolved "https://registry.yarnpkg.com/react-lazy-load/-/react-lazy-load-3.0.13.tgz#3b0a92d336d43d3f0d73cbe6f35b17050b08b824"
    dependencies:
      eventlistener "0.0.1"
      lodash.debounce "^4.0.0"
      lodash.throttle "^4.0.0"
      prop-types "^15.5.8"
  
  react-lifecycles-compat@^3.0.2, react-lifecycles-compat@^3.0.4:
    version "3.0.4"
    resolved "https://registry.yarnpkg.com/react-lifecycles-compat/-/react-lifecycles-compat-3.0.4.tgz#4f1a273afdfc8f3488a8c516bfda78f872352362"
  
  react-slick@~0.23.2:
    version "0.23.2"
    resolved "https://registry.yarnpkg.com/react-slick/-/react-slick-0.23.2.tgz#8d8bdbc77a6678e8ad36f50c32578c7c0f1c54f6"
    dependencies:
      classnames "^2.2.5"
      enquire.js "^2.1.6"
      json2mq "^0.2.0"
      lodash.debounce "^4.0.8"
      prettier "^1.14.3"
      resize-observer-polyfill "^1.5.0"
  
  regenerator-runtime@^0.11.0:
    version "0.11.1"
    resolved "https://registry.yarnpkg.com/regenerator-runtime/-/regenerator-runtime-0.11.1.tgz#be05ad7f9bf7d22e056f9726cee5017fbf19e2e9"
  
  resize-observer-polyfill@^1.5.0, resize-observer-polyfill@^1.5.1:
    version "1.5.1"
    resolved "https://registry.yarnpkg.com/resize-observer-polyfill/-/resize-observer-polyfill-1.5.1.tgz#0e9020dd3d21024458d4ebd27e23e40269810464"
  
  rmc-feedback@^2.0.0:
    version "2.0.0"
    resolved "https://registry.yarnpkg.com/rmc-feedback/-/rmc-feedback-2.0.0.tgz#cbc6cb3ae63c7a635eef0e25e4fbaf5ac366eeaa"
    dependencies:
      babel-runtime "6.x"
      classnames "^2.2.5"
  
  "safer-buffer@>= 2.1.2 < 3":
    version "2.1.2"
    resolved "https://registry.yarnpkg.com/safer-buffer/-/safer-buffer-2.1.2.tgz#44fa161b0187b9549dd84bb91802f9bd8385cd6a"
  
  setimmediate@^1.0.5:
    version "1.0.5"
    resolved "https://registry.yarnpkg.com/setimmediate/-/setimmediate-1.0.5.tgz#290cbb232e306942d7d7ea9b83732ab7856f8285"
  
  shallow-equal@^1.0.0:
    version "1.1.0"
    resolved "https://registry.yarnpkg.com/shallow-equal/-/shallow-equal-1.1.0.tgz#cc022f030dcba0d1c198abf658a3c6c744e171ca"
  
  shallowequal@^0.2.2:
    version "0.2.2"
    resolved "https://registry.yarnpkg.com/shallowequal/-/shallowequal-0.2.2.tgz#1e32fd5bcab6ad688a4812cb0cc04efc75c7014e"
    dependencies:
      lodash.keys "^3.1.2"
  
  shallowequal@^1.0.1, shallowequal@^1.0.2, shallowequal@^1.1.0:
    version "1.1.0"
    resolved "https://registry.yarnpkg.com/shallowequal/-/shallowequal-1.1.0.tgz#188d521de95b9087404fd4dcb68b13df0ae4e7f8"
  
  slash2@2.0.0:
    version "2.0.0"
    resolved "https://registry.yarnpkg.com/slash2/-/slash2-2.0.0.tgz#f4e0a11708b8545b912695981cf7096f52c63487"
  
  slash@^1.0.0:
    version "1.0.0"
    resolved "https://registry.yarnpkg.com/slash/-/slash-1.0.0.tgz#c41f2f6c39fc16d1cd17ad4b5d896114ae470d55"
  
  string-convert@^0.2.0:
    version "0.2.1"
    resolved "https://registry.yarnpkg.com/string-convert/-/string-convert-0.2.1.tgz#6982cc3049fbb4cd85f8b24568b9d9bf39eeff97"
  
  tinycolor2@^1.4.1:
    version "1.4.1"
    resolved "https://registry.yarnpkg.com/tinycolor2/-/tinycolor2-1.4.1.tgz#f4fad333447bc0b07d4dc8e9209d8f39a8ac77e8"
  
  toggle-selection@^1.0.6:
    version "1.0.6"
    resolved "https://registry.yarnpkg.com/toggle-selection/-/toggle-selection-1.0.6.tgz#6e45b1263f2017fa0acc7d89d78b15b8bf77da32"
  
  ua-parser-js@^0.7.18:
    version "0.7.19"
    resolved "https://registry.yarnpkg.com/ua-parser-js/-/ua-parser-js-0.7.19.tgz#94151be4c0a7fb1d001af7022fdaca4642659e4b"
  
  umi-plugin-locale@^2.6.1:
    version "2.6.1"
    resolved "https://registry.yarnpkg.com/umi-plugin-locale/-/umi-plugin-locale-2.6.1.tgz#e80fe1e14cdb4f4d9fe8bc743bf0fbc2417e19fe"
    dependencies:
      globby "7.1.1"
      intl "1.2.5"
      lodash.groupby "4.6.0"
      moment "2.x"
      mustache "3.0.1"
      prop-types "15.6.2"
      react-intl "2.7.2"
      umi-utils "1.4.0"
  
  umi-utils@1.4.0:
    version "1.4.0"
    resolved "https://registry.yarnpkg.com/umi-utils/-/umi-utils-1.4.0.tgz#17843167e90bbd1151e81f6566e96deaff872085"
    dependencies:
      is-url "1.2.4"
      slash2 "2.0.0"
  
  warning@4.x, warning@^4.0.1, warning@^4.0.2, warning@^4.0.3, warning@~4.0.2:
    version "4.0.3"
    resolved "https://registry.yarnpkg.com/warning/-/warning-4.0.3.tgz#16e9e077eb8a86d6af7d64aa1e05fd85b4678ca3"
    dependencies:
      loose-envify "^1.0.0"
  
  warning@^3.0.0:
    version "3.0.0"
    resolved "https://registry.yarnpkg.com/warning/-/warning-3.0.0.tgz#32e5377cb572de4ab04753bdf8821c01ed605b7c"
    dependencies:
      loose-envify "^1.0.0"
  
  whatwg-fetch@>=0.10.0:
    version "3.0.0"
    resolved "https://registry.yarnpkg.com/whatwg-fetch/-/whatwg-fetch-3.0.0.tgz#fc804e458cc460009b1a2b966bc8817d2578aefb"
  
  wrappy@1:
    version "1.0.2"
    resolved "https://registry.yarnpkg.com/wrappy/-/wrappy-1.0.2.tgz#b5243d8f3ec1aa35f1364605bc0d1036e30ab69f"
